<?xml version="1.0" encoding="UTF-8"?>
<!-- Generated by org.testng.reporters.JUnitXMLReporter -->
<testsuite ignored="1" hostname="LAPTOP-5KMFOFH9" failures="0" tests="1" name="Default test" time="8.257" errors="0" timestamp="2025-03-08T12:12:32 IST">
  <testcase classname="com.WebElementsHandling.WebTableAutomation" name="testDynamicTable" time="8.206"/>
  <testcase classname="com.WebElementsHandling.WebTableAutomation" name="testStaticTable" time="0.0">
    <ignored/>
  </testcase> <!-- testStaticTable -->
</testsuite> <!-- Default test -->
