<?xml version="1.0" encoding="UTF-8"?>
<!-- Generated by org.testng.reporters.JUnitXMLReporter -->
<testsuite ignored="0" hostname="LAPTOP-5KMFOFH9" failures="0" tests="5" name="Test2" time="20.477" errors="0" timestamp="2025-03-29T10:31:26 IST">
  <testcase classname="com.SwagLab.TestCases.T1_LoginTest" name="validateUrl" time="0.034"/>
  <testcase classname="com.SwagLab.TestCases.T2_InventoryTest" name="verifyProductCount" time="0.048"/>
  <testcase classname="com.SwagLab.TestCases.T1_LoginTest" name="validateLogin" time="0.693"/>
  <testcase classname="com.SwagLab.TestCases.T2_InventoryTest" name="verifyProductDetails" time="0.254"/>
  <testcase classname="com.SwagLab.TestCases.T2_InventoryTest" name="validateAddToCartFeature" time="0.783"/>
</testsuite> <!-- Test2 -->
