<?xml version="1.0" encoding="UTF-8"?>
<!-- Generated by org.testng.reporters.JUnitXMLReporter -->
<testsuite ignored="4" hostname="LAPTOP-5KMFOFH9" failures="0" tests="4" name="Test3" time="0.02" errors="0" timestamp="2025-03-22T11:02:23 IST">
  <testcase classname="com.TestNG.Annotations.ClassA" name="testCaseA1" time="0.002"/>
  <testcase classname="com.TestNG.Annotations.ClassA" name="testCaseA2" time="0.002"/>
  <testcase classname="com.TestNG.Annotations.ClassB" name="testCaseB1" time="0.002"/>
  <testcase classname="com.TestNG.Annotations.ClassB" name="testCaseB2" time="0.002"/>
  <testcase classname="com.TestNG.Annotations.BaseTestSuite" name="@AfterTest atest" time="0.0">
    <ignored/>
  </testcase> <!-- @AfterTest atest -->
  <testcase classname="com.TestNG.Annotations.BaseTestSuite" name="@AfterSuite asuite" time="0.0">
    <ignored/>
  </testcase> <!-- @AfterSuite asuite -->
  <testcase classname="com.TestNG.Annotations.BaseTestSuite" name="@BeforeSuite bsuite" time="0.0">
    <ignored/>
  </testcase> <!-- @BeforeSuite bsuite -->
  <testcase classname="com.TestNG.Annotations.BaseTestSuite" name="@BeforeTest btest" time="0.0">
    <ignored/>
  </testcase> <!-- @BeforeTest btest -->
</testsuite> <!-- Test3 -->
