<?xml version="1.0" encoding="UTF-8"?>
<!-- Generated by org.testng.reporters.JUnitXMLReporter -->
<testsuite ignored="0" hostname="LAPTOP-5KMFOFH9" failures="0" tests="16" name="Test" time="57.179" errors="0" timestamp="2025-04-06T10:24:52 IST">
  <testcase classname="com.SwagLab.TestCases.T1_LoginTest" name="validateUrl" time="0.023"/>
  <testcase classname="com.SwagLab.TestCases.T1_LoginTest" name="validateLogin" time="0.471"/>
  <testcase classname="com.SwagLab.TestCases.T2_InventoryTest" name="verifyProductCount" time="0.029"/>
  <testcase classname="com.SwagLab.TestCases.T2_InventoryTest" name="verifyProductDetails" time="0.11"/>
  <testcase classname="com.SwagLab.TestCases.T2_InventoryTest" name="validateAddToCartFeature" time="0.281"/>
  <testcase classname="com.SwagLab.TestCases.T3_CartTest" name="verifyCartQuantity" time="0.03"/>
  <testcase classname="com.SwagLab.TestCases.T3_CartTest" name="verifyProductRemove" time="2.083"/>
  <testcase classname="com.SwagLab.TestCases.T3_CartTest" name="validateContinueShopping" time="4.393"/>
  <testcase classname="com.SwagLab.TestCases.T3_CartTest" name="verifyLauchOfCheckOutPage" time="2.103"/>
  <testcase classname="com.SwagLab.TestCases.T4_CheckoutTest" name="validateCancelProcess" time="4.18"/>
  <testcase classname="com.SwagLab.TestCases.T4_CheckoutTest" name="validateCheckOutProcess" time="2.361"/>
  <testcase classname="com.SwagLab.TestCases.T5_OverviewTest" name="verifyProductDetails" time="0.027"/>
  <testcase classname="com.SwagLab.TestCases.T5_OverviewTest" name="verifyPaymentDetails" time="0.045"/>
  <testcase classname="com.SwagLab.TestCases.T5_OverviewTest" name="verifyShippingDetails" time="0.041"/>
  <testcase classname="com.SwagLab.TestCases.T5_OverviewTest" name="verifyTotal" time="0.07"/>
  <testcase classname="com.SwagLab.TestCases.T5_OverviewTest" name="validateCompleteCheckoutProcess" time="0.137"/>
</testsuite> <!-- Test -->
