<?xml version="1.0" encoding="UTF-8"?>
<!-- Generated by org.testng.reporters.JUnitXMLReporter -->
<testsuite ignored="0" hostname="LAPTOP-5KMFOFH9" failures="0" tests="5" name="Test" time="7.272" errors="0" timestamp="2025-03-29T11:07:42 IST">
  <testcase classname="com.SwagLab.TestCases.T1_LoginTest" name="validateUrl" time="0.02"/>
  <testcase classname="com.SwagLab.TestCases.T1_LoginTest" name="validateLogin" time="0.523"/>
  <testcase classname="com.SwagLab.TestCases.T2_InventoryTest" name="verifyProductCount" time="0.033"/>
  <testcase classname="com.SwagLab.TestCases.T2_InventoryTest" name="verifyProductDetails" time="0.15"/>
  <testcase classname="com.SwagLab.TestCases.T2_InventoryTest" name="validateAddToCartFeature" time="0.29"/>
</testsuite> <!-- Test -->
