<?xml version="1.0" encoding="UTF-8"?>
<!-- Generated by org.testng.reporters.JUnitXMLReporter -->
<testsuite ignored="0" hostname="Priyanka" failures="0" tests="16" name="Test" time="59.846" errors="0" timestamp="2025-04-20T12:36:42 IST">
  <testcase classname="com.SwagLab.TestCases.T1_LoginTest" name="validateUrl" time="0.036"/>
  <testcase classname="com.SwagLab.TestCases.T1_LoginTest" name="validateLogin" time="0.676"/>
  <testcase classname="com.SwagLab.TestCases.T2_InventoryTest" name="verifyProductCount" time="0.034"/>
  <testcase classname="com.SwagLab.TestCases.T2_InventoryTest" name="verifyProductDetails" time="0.152"/>
  <testcase classname="com.SwagLab.TestCases.T2_InventoryTest" name="validateAddToCartFeature" time="0.415"/>
  <testcase classname="com.SwagLab.TestCases.T3_CartTest" name="verifyCartQuantity" time="0.023"/>
  <testcase classname="com.SwagLab.TestCases.T3_CartTest" name="verifyProductRemove" time="2.074"/>
  <testcase classname="com.SwagLab.TestCases.T3_CartTest" name="validateContinueShopping" time="4.299"/>
  <testcase classname="com.SwagLab.TestCases.T3_CartTest" name="verifyLauchOfCheckOutPage" time="2.09"/>
  <testcase classname="com.SwagLab.TestCases.T4_CheckoutTest" name="validateCancelProcess" time="4.151"/>
  <testcase classname="com.SwagLab.TestCases.T4_CheckoutTest" name="validateCheckOutProcess" time="2.296"/>
  <testcase classname="com.SwagLab.TestCases.T5_OverviewTest" name="verifyProductDetails" time="0.02"/>
  <testcase classname="com.SwagLab.TestCases.T5_OverviewTest" name="verifyPaymentDetails" time="0.044"/>
  <testcase classname="com.SwagLab.TestCases.T5_OverviewTest" name="verifyShippingDetails" time="0.041"/>
  <testcase classname="com.SwagLab.TestCases.T5_OverviewTest" name="verifyTotal" time="0.031"/>
  <testcase classname="com.SwagLab.TestCases.T5_OverviewTest" name="validateCompleteCheckoutProcess" time="0.091"/>
</testsuite> <!-- Test -->
