<?xml version="1.0" encoding="UTF-8"?>
<!-- Generated by org.testng.reporters.JUnitXMLReporter -->
<testsuite ignored="0" hostname="LAPTOP-5KMFOFH9" failures="0" tests="16" name="Test" time="58.744" errors="0" timestamp="2025-04-06T10:52:55 IST">
  <testcase classname="com.SwagLab.TestCases.T1_LoginTest" name="validateUrl" time="0.021"/>
  <testcase classname="com.SwagLab.TestCases.T1_LoginTest" name="validateLogin" time="0.414"/>
  <testcase classname="com.SwagLab.TestCases.T2_InventoryTest" name="verifyProductCount" time="0.027"/>
  <testcase classname="com.SwagLab.TestCases.T2_InventoryTest" name="verifyProductDetails" time="0.135"/>
  <testcase classname="com.SwagLab.TestCases.T2_InventoryTest" name="validateAddToCartFeature" time="0.314"/>
  <testcase classname="com.SwagLab.TestCases.T3_CartTest" name="verifyCartQuantity" time="0.026"/>
  <testcase classname="com.SwagLab.TestCases.T3_CartTest" name="verifyProductRemove" time="2.083"/>
  <testcase classname="com.SwagLab.TestCases.T3_CartTest" name="validateContinueShopping" time="4.519"/>
  <testcase classname="com.SwagLab.TestCases.T3_CartTest" name="verifyLauchOfCheckOutPage" time="2.097"/>
  <testcase classname="com.SwagLab.TestCases.T4_CheckoutTest" name="validateCancelProcess" time="4.221"/>
  <testcase classname="com.SwagLab.TestCases.T4_CheckoutTest" name="validateCheckOutProcess" time="2.378"/>
  <testcase classname="com.SwagLab.TestCases.T5_OverviewTest" name="verifyProductDetails" time="0.023"/>
  <testcase classname="com.SwagLab.TestCases.T5_OverviewTest" name="verifyPaymentDetails" time="0.054"/>
  <testcase classname="com.SwagLab.TestCases.T5_OverviewTest" name="verifyShippingDetails" time="0.078"/>
  <testcase classname="com.SwagLab.TestCases.T5_OverviewTest" name="verifyTotal" time="0.069"/>
  <testcase classname="com.SwagLab.TestCases.T5_OverviewTest" name="validateCompleteCheckoutProcess" time="0.199"/>
</testsuite> <!-- Test -->
