<?xml version="1.0" encoding="UTF-8"?>
<testsuite xmlns:xsi="http://www.w3.org/2001/XMLSchema-instance" xsi:noNamespaceSchemaLocation="https://maven.apache.org/surefire/maven-surefire-plugin/xsd/surefire-test-report.xsd" version="3.0.2" name="TestSuite" time="59.494" tests="16" errors="0" skipped="0" failures="0">
  <properties>
[...]
</properties>
  <testcase name="validateUrl" classname="com.SwagLab.TestCases.T1_LoginTest" time="0.025">
    <system-out><![CDATA[Url is valid...https://www.saucedemo.com/
]]></system-out>
    <system-err><![CDATA[SLF4J: Failed to load class "org.slf4j.impl.StaticLoggerBinder".
SLF4J: Defaulting to no-operation (NOP) logger implementation
SLF4J: See http://www.slf4j.org/codes.html#StaticLoggerBinder for further details.
Apr 06, 2025 10:51:59 AM org.openqa.selenium.devtools.CdpVersionFinder findNearestMatch
WARNING: Unable to find an exact match for CDP version 134, returning the closest version; found: 132; Please update to a Selenium version that supports CDP version 134
]]></system-err>
  </testcase>
  <testcase name="validateLogin" classname="com.SwagLab.TestCases.T1_LoginTest" time="0.417">
    <system-out><![CDATA[Login successfull!
]]></system-out>
  </testcase>
  <testcase name="verifyProductCount" classname="com.SwagLab.TestCases.T2_InventoryTest" time="0.029">
    <system-out><![CDATA[Product count is matched..total Products are: 6
]]></system-out>
    <system-err><![CDATA[Apr 06, 2025 10:52:02 AM org.openqa.selenium.devtools.CdpVersionFinder findNearestMatch
WARNING: Unable to find an exact match for CDP version 134, returning the closest version; found: 132; Please update to a Selenium version that supports CDP version 134
]]></system-err>
  </testcase>
  <testcase name="verifyProductDetails" classname="com.SwagLab.TestCases.T2_InventoryTest" time="0.132">
    <system-out><![CDATA[Product Name Details...
Sauce Labs Backpack
Sauce Labs Bike Light
Sauce Labs Bolt T-Shirt
Sauce Labs Fleece Jacket
Sauce Labs Onesie
Test.allTheThings() T-Shirt (Red)
]]></system-out>
  </testcase>
  <testcase name="validateAddToCartFeature" classname="com.SwagLab.TestCases.T2_InventoryTest" time="0.315">
    <system-out><![CDATA[Product added to cart: Sauce Labs Bolt T-Shirt
]]></system-out>
  </testcase>
  <testcase name="verifyCartQuantity" classname="com.SwagLab.TestCases.T3_CartTest" time="0.025">
    <system-out><![CDATA[Product added to cart: Sauce Labs Bolt T-Shirt
Product Quantity is: 1
]]></system-out>
    <system-err><![CDATA[Apr 06, 2025 10:52:06 AM org.openqa.selenium.devtools.CdpVersionFinder findNearestMatch
WARNING: Unable to find an exact match for CDP version 134, returning the closest version; found: 132; Please update to a Selenium version that supports CDP version 134
]]></system-err>
  </testcase>
  <testcase name="verifyProductRemove" classname="com.SwagLab.TestCases.T3_CartTest" time="2.085">
    <system-out><![CDATA[product Removed from cart
]]></system-out>
  </testcase>
  <testcase name="validateContinueShopping" classname="com.SwagLab.TestCases.T3_CartTest" time="4.518">
    <system-out><![CDATA[Product added to cart: Sauce Labs Fleece Jacket
]]></system-out>
  </testcase>
  <testcase name="verifyLauchOfCheckOutPage" classname="com.SwagLab.TestCases.T3_CartTest" time="2.099">
    <system-out><![CDATA[Page Open Successfully
]]></system-out>
  </testcase>
  <testcase name="validateCancelProcess" classname="com.SwagLab.TestCases.T4_CheckoutTest" time="4.221">
    <system-out><![CDATA[Product added to cart: Sauce Labs Bolt T-Shirt
]]></system-out>
    <system-err><![CDATA[Apr 06, 2025 10:52:24 AM org.openqa.selenium.devtools.CdpVersionFinder findNearestMatch
WARNING: Unable to find an exact match for CDP version 134, returning the closest version; found: 132; Please update to a Selenium version that supports CDP version 134
]]></system-err>
  </testcase>
  <testcase name="validateCheckOutProcess" classname="com.SwagLab.TestCases.T4_CheckoutTest" time="2.379">
    <system-out><![CDATA[First name is: Jay : lastName is: Nigade
Checkout process completed!
]]></system-out>
  </testcase>
  <testcase name="verifyProductDetails" classname="com.SwagLab.TestCases.T5_OverviewTest" time="0.024">
    <system-out><![CDATA[Product added to cart: Sauce Labs Bolt T-Shirt
First name is: Jay : lastName is: Nigade
Purches Product deatails: Sauce Labs Bolt T-Shirt
]]></system-out>
    <system-err><![CDATA[Apr 06, 2025 10:52:42 AM org.openqa.selenium.devtools.CdpVersionFinder findNearestMatch
WARNING: Unable to find an exact match for CDP version 134, returning the closest version; found: 132; Please update to a Selenium version that supports CDP version 134
]]></system-err>
  </testcase>
  <testcase name="verifyPaymentDetails" classname="com.SwagLab.TestCases.T5_OverviewTest" time="0.055">
    <system-out><![CDATA[Payment Information:
SauceCard #31337
]]></system-out>
  </testcase>
  <testcase name="verifyShippingDetails" classname="com.SwagLab.TestCases.T5_OverviewTest" time="0.076">
    <system-out><![CDATA[Shipping Information:
Free Pony Express Delivery!
]]></system-out>
  </testcase>
  <testcase name="verifyTotal" classname="com.SwagLab.TestCases.T5_OverviewTest" time="0.071">
    <system-out><![CDATA[Price Total
Total: $17.27
]]></system-out>
  </testcase>
  <testcase name="validateCompleteCheckoutProcess" classname="com.SwagLab.TestCases.T5_OverviewTest" time="0.2">
    <system-out><![CDATA[Thank you for your order!
]]></system-out>
  </testcase>
</testsuite>