<?xml version="1.0" encoding="UTF-8"?>
<testng-results ignored="0" total="16" passed="16" failed="0" skipped="0">
  <reporter-output>
  </reporter-output>
  <suite started-at="2025-04-20T12:35:42 IST" name="Suite" finished-at="2025-04-20T12:36:42 IST" duration-ms="59846">
    <groups>
    </groups>
    <test started-at="2025-04-20T12:35:42 IST" name="Test" finished-at="2025-04-20T12:36:42 IST" duration-ms="59846">
      <class name="com.SwagLab.TestCases.T4_CheckoutTest">
        <test-method is-config="true" signature="setUp(java.lang.String)[pri:0, instance:com.SwagLab.TestCases.T4_CheckoutTest@548e76f1]" started-at="2025-04-20T12:36:10 IST" name="setUp" finished-at="2025-04-20T12:36:11 IST" duration-ms="1465" status="PASS">
          <params>
            <param index="0">
              <value>
                <![CDATA[edge]]>
              </value>
            </param>
          </params>
          <reporter-output>
          </reporter-output>
        </test-method> <!-- setUp -->
        <test-method is-config="true" signature="pageSetUp()[pri:0, instance:com.SwagLab.TestCases.T4_CheckoutTest@548e76f1]" started-at="2025-04-20T12:36:11 IST" name="pageSetUp" finished-at="2025-04-20T12:36:20 IST" duration-ms="8711" status="PASS">
          <reporter-output>
          </reporter-output>
        </test-method> <!-- pageSetUp -->
        <test-method signature="validateCancelProcess()[pri:1, instance:com.SwagLab.TestCases.T4_CheckoutTest@548e76f1]" started-at="2025-04-20T12:36:20 IST" name="validateCancelProcess" finished-at="2025-04-20T12:36:24 IST" duration-ms="4151" status="PASS">
          <reporter-output>
          </reporter-output>
        </test-method> <!-- validateCancelProcess -->
        <test-method signature="validateCheckOutProcess()[pri:2, instance:com.SwagLab.TestCases.T4_CheckoutTest@548e76f1]" started-at="2025-04-20T12:36:24 IST" name="validateCheckOutProcess" finished-at="2025-04-20T12:36:27 IST" duration-ms="2296" status="PASS">
          <reporter-output>
          </reporter-output>
        </test-method> <!-- validateCheckOutProcess -->
        <test-method is-config="true" signature="tearDown()[pri:0, instance:com.SwagLab.TestCases.T4_CheckoutTest@548e76f1]" started-at="2025-04-20T12:36:27 IST" name="tearDown" finished-at="2025-04-20T12:36:28 IST" duration-ms="1287" status="PASS">
          <reporter-output>
          </reporter-output>
        </test-method> <!-- tearDown -->
      </class> <!-- com.SwagLab.TestCases.T4_CheckoutTest -->
      <class name="com.SwagLab.TestCases.T3_CartTest">
        <test-method is-config="true" signature="setUp(java.lang.String)[pri:0, instance:com.SwagLab.TestCases.T3_CartTest@6f70f32f]" started-at="2025-04-20T12:35:51 IST" name="setUp" finished-at="2025-04-20T12:35:53 IST" duration-ms="2114" status="PASS">
          <params>
            <param index="0">
              <value>
                <![CDATA[edge]]>
              </value>
            </param>
          </params>
          <reporter-output>
          </reporter-output>
        </test-method> <!-- setUp -->
        <test-method is-config="true" signature="pageSetUp()[pri:0, instance:com.SwagLab.TestCases.T3_CartTest@6f70f32f]" started-at="2025-04-20T12:35:53 IST" name="pageSetUp" finished-at="2025-04-20T12:36:00 IST" duration-ms="7036" status="PASS">
          <reporter-output>
          </reporter-output>
        </test-method> <!-- pageSetUp -->
        <test-method signature="verifyCartQuantity()[pri:1, instance:com.SwagLab.TestCases.T3_CartTest@6f70f32f]" started-at="2025-04-20T12:36:00 IST" name="verifyCartQuantity" finished-at="2025-04-20T12:36:00 IST" duration-ms="23" status="PASS">
          <reporter-output>
          </reporter-output>
        </test-method> <!-- verifyCartQuantity -->
        <test-method signature="verifyProductRemove()[pri:2, instance:com.SwagLab.TestCases.T3_CartTest@6f70f32f]" started-at="2025-04-20T12:36:00 IST" name="verifyProductRemove" finished-at="2025-04-20T12:36:02 IST" duration-ms="2074" status="PASS">
          <reporter-output>
          </reporter-output>
        </test-method> <!-- verifyProductRemove -->
        <test-method signature="validateContinueShopping()[pri:3, instance:com.SwagLab.TestCases.T3_CartTest@6f70f32f]" started-at="2025-04-20T12:36:02 IST" name="validateContinueShopping" finished-at="2025-04-20T12:36:07 IST" duration-ms="4299" status="PASS">
          <reporter-output>
          </reporter-output>
        </test-method> <!-- validateContinueShopping -->
        <test-method signature="verifyLauchOfCheckOutPage()[pri:4, instance:com.SwagLab.TestCases.T3_CartTest@6f70f32f]" started-at="2025-04-20T12:36:07 IST" name="verifyLauchOfCheckOutPage" finished-at="2025-04-20T12:36:09 IST" duration-ms="2090" status="PASS">
          <reporter-output>
          </reporter-output>
        </test-method> <!-- verifyLauchOfCheckOutPage -->
        <test-method is-config="true" signature="tearDown()[pri:0, instance:com.SwagLab.TestCases.T3_CartTest@6f70f32f]" started-at="2025-04-20T12:36:09 IST" name="tearDown" finished-at="2025-04-20T12:36:10 IST" duration-ms="1320" status="PASS">
          <reporter-output>
          </reporter-output>
        </test-method> <!-- tearDown -->
      </class> <!-- com.SwagLab.TestCases.T3_CartTest -->
      <class name="com.SwagLab.TestCases.T2_InventoryTest">
        <test-method is-config="true" signature="setUp(java.lang.String)[pri:0, instance:com.SwagLab.TestCases.T2_InventoryTest@e24ddd0]" started-at="2025-04-20T12:35:47 IST" name="setUp" finished-at="2025-04-20T12:35:49 IST" duration-ms="1977" status="PASS">
          <params>
            <param index="0">
              <value>
                <![CDATA[edge]]>
              </value>
            </param>
          </params>
          <reporter-output>
          </reporter-output>
        </test-method> <!-- setUp -->
        <test-method is-config="true" signature="pageSetUp()[pri:0, instance:com.SwagLab.TestCases.T2_InventoryTest@e24ddd0]" started-at="2025-04-20T12:35:49 IST" name="pageSetUp" finished-at="2025-04-20T12:35:50 IST" duration-ms="662" status="PASS">
          <reporter-output>
          </reporter-output>
        </test-method> <!-- pageSetUp -->
        <test-method signature="verifyProductCount()[pri:1, instance:com.SwagLab.TestCases.T2_InventoryTest@e24ddd0]" started-at="2025-04-20T12:35:50 IST" name="verifyProductCount" finished-at="2025-04-20T12:35:50 IST" duration-ms="34" status="PASS">
          <reporter-output>
          </reporter-output>
        </test-method> <!-- verifyProductCount -->
        <test-method signature="verifyProductDetails()[pri:2, instance:com.SwagLab.TestCases.T2_InventoryTest@e24ddd0]" started-at="2025-04-20T12:35:50 IST" name="verifyProductDetails" finished-at="2025-04-20T12:35:50 IST" duration-ms="152" status="PASS">
          <reporter-output>
          </reporter-output>
        </test-method> <!-- verifyProductDetails -->
        <test-method signature="validateAddToCartFeature()[pri:3, instance:com.SwagLab.TestCases.T2_InventoryTest@e24ddd0]" started-at="2025-04-20T12:35:50 IST" name="validateAddToCartFeature" finished-at="2025-04-20T12:35:50 IST" duration-ms="415" status="PASS">
          <reporter-output>
          </reporter-output>
        </test-method> <!-- validateAddToCartFeature -->
        <test-method is-config="true" signature="tearDown()[pri:0, instance:com.SwagLab.TestCases.T2_InventoryTest@e24ddd0]" started-at="2025-04-20T12:35:50 IST" name="tearDown" finished-at="2025-04-20T12:35:51 IST" duration-ms="611" status="PASS">
          <reporter-output>
          </reporter-output>
        </test-method> <!-- tearDown -->
      </class> <!-- com.SwagLab.TestCases.T2_InventoryTest -->
      <class name="com.SwagLab.TestCases.T5_OverviewTest">
        <test-method is-config="true" signature="setUp(java.lang.String)[pri:0, instance:com.SwagLab.TestCases.T5_OverviewTest@5aabbb29]" started-at="2025-04-20T12:36:28 IST" name="setUp" finished-at="2025-04-20T12:36:29 IST" duration-ms="1457" status="PASS">
          <params>
            <param index="0">
              <value>
                <![CDATA[edge]]>
              </value>
            </param>
          </params>
          <reporter-output>
          </reporter-output>
        </test-method> <!-- setUp -->
        <test-method is-config="true" signature="pageSetUp()[pri:0, instance:com.SwagLab.TestCases.T5_OverviewTest@5aabbb29]" started-at="2025-04-20T12:36:29 IST" name="pageSetUp" finished-at="2025-04-20T12:36:41 IST" duration-ms="11299" status="PASS">
          <reporter-output>
          </reporter-output>
        </test-method> <!-- pageSetUp -->
        <test-method signature="verifyProductDetails()[pri:1, instance:com.SwagLab.TestCases.T5_OverviewTest@5aabbb29]" started-at="2025-04-20T12:36:41 IST" name="verifyProductDetails" finished-at="2025-04-20T12:36:41 IST" duration-ms="20" status="PASS">
          <reporter-output>
          </reporter-output>
        </test-method> <!-- verifyProductDetails -->
        <test-method signature="verifyPaymentDetails()[pri:2, instance:com.SwagLab.TestCases.T5_OverviewTest@5aabbb29]" started-at="2025-04-20T12:36:41 IST" name="verifyPaymentDetails" finished-at="2025-04-20T12:36:41 IST" duration-ms="44" status="PASS">
          <reporter-output>
          </reporter-output>
        </test-method> <!-- verifyPaymentDetails -->
        <test-method signature="verifyShippingDetails()[pri:3, instance:com.SwagLab.TestCases.T5_OverviewTest@5aabbb29]" started-at="2025-04-20T12:36:41 IST" name="verifyShippingDetails" finished-at="2025-04-20T12:36:41 IST" duration-ms="41" status="PASS">
          <reporter-output>
          </reporter-output>
        </test-method> <!-- verifyShippingDetails -->
        <test-method signature="verifyTotal()[pri:4, instance:com.SwagLab.TestCases.T5_OverviewTest@5aabbb29]" started-at="2025-04-20T12:36:41 IST" name="verifyTotal" finished-at="2025-04-20T12:36:41 IST" duration-ms="31" status="PASS">
          <reporter-output>
          </reporter-output>
        </test-method> <!-- verifyTotal -->
        <test-method signature="validateCompleteCheckoutProcess()[pri:5, instance:com.SwagLab.TestCases.T5_OverviewTest@5aabbb29]" started-at="2025-04-20T12:36:41 IST" name="validateCompleteCheckoutProcess" finished-at="2025-04-20T12:36:41 IST" duration-ms="91" status="PASS">
          <reporter-output>
          </reporter-output>
        </test-method> <!-- validateCompleteCheckoutProcess -->
        <test-method is-config="true" signature="tearDown()[pri:0, instance:com.SwagLab.TestCases.T5_OverviewTest@5aabbb29]" started-at="2025-04-20T12:36:41 IST" name="tearDown" finished-at="2025-04-20T12:36:42 IST" duration-ms="1295" status="PASS">
          <reporter-output>
          </reporter-output>
        </test-method> <!-- tearDown -->
      </class> <!-- com.SwagLab.TestCases.T5_OverviewTest -->
      <class name="com.SwagLab.TestCases.T1_LoginTest">
        <test-method is-config="true" signature="setUp(java.lang.String)[pri:0, instance:com.SwagLab.TestCases.T1_LoginTest@578524c3]" started-at="2025-04-20T12:35:42 IST" name="setUp" finished-at="2025-04-20T12:35:45 IST" duration-ms="2649" status="PASS">
          <params>
            <param index="0">
              <value>
                <![CDATA[edge]]>
              </value>
            </param>
          </params>
          <reporter-output>
          </reporter-output>
        </test-method> <!-- setUp -->
        <test-method signature="validateUrl()[pri:1, instance:com.SwagLab.TestCases.T1_LoginTest@578524c3]" started-at="2025-04-20T12:35:45 IST" name="validateUrl" finished-at="2025-04-20T12:35:45 IST" duration-ms="36" status="PASS">
          <reporter-output>
          </reporter-output>
        </test-method> <!-- validateUrl -->
        <test-method signature="validateLogin()[pri:2, instance:com.SwagLab.TestCases.T1_LoginTest@578524c3]" started-at="2025-04-20T12:35:45 IST" name="validateLogin" finished-at="2025-04-20T12:35:46 IST" duration-ms="676" status="PASS">
          <reporter-output>
          </reporter-output>
        </test-method> <!-- validateLogin -->
        <test-method is-config="true" signature="tearDown()[pri:0, instance:com.SwagLab.TestCases.T1_LoginTest@578524c3]" started-at="2025-04-20T12:35:46 IST" name="tearDown" finished-at="2025-04-20T12:35:47 IST" duration-ms="1384" status="PASS">
          <reporter-output>
          </reporter-output>
        </test-method> <!-- tearDown -->
      </class> <!-- com.SwagLab.TestCases.T1_LoginTest -->
    </test> <!-- Test -->
  </suite> <!-- Suite -->
</testng-results>
