<?xml version="1.0" encoding="UTF-8"?>
<testng-results ignored="0" total="1" passed="1" failed="0" skipped="0">
  <reporter-output>
  </reporter-output>
  <suite started-at="2025-04-05T11:13:51 IST" name="Default suite" finished-at="2025-04-05T11:14:00 IST" duration-ms="9550">
    <groups>
    </groups>
    <test started-at="2025-04-05T11:13:51 IST" name="Default test" finished-at="2025-04-05T11:14:00 IST" duration-ms="9550">
      <class name="com.TestNG.Screenshot.FullPageScreenshot">
        <test-method signature="testFullPage()[pri:0, instance:com.TestNG.Screenshot.FullPageScreenshot@2c35e847]" started-at="2025-04-05T11:13:51 IST" name="testFullPage" finished-at="2025-04-05T11:14:00 IST" duration-ms="9497" status="PASS">
          <reporter-output>
          </reporter-output>
        </test-method> <!-- testFullPage -->
      </class> <!-- com.TestNG.Screenshot.FullPageScreenshot -->
    </test> <!-- Default test -->
  </suite> <!-- Default suite -->
</testng-results>
