<?xml version="1.0" encoding="UTF-8"?>
<testng-results ignored="0" total="1" passed="1" failed="0" skipped="0">
  <reporter-output>
  </reporter-output>
  <suite started-at="2025-03-15T12:13:30 IST" name="Default suite" finished-at="2025-03-15T12:13:42 IST" duration-ms="12017">
    <groups>
    </groups>
    <test started-at="2025-03-15T12:13:30 IST" name="Default test" finished-at="2025-03-15T12:13:42 IST" duration-ms="12017">
      <class name="com.WaitStrategyInSelenium.WaitStrategyUsingFluentWaitclass">
        <test-method signature="testExplicitWait()[pri:0, instance:com.WaitStrategyInSelenium.WaitStrategyUsingFluentWaitclass@22ef9844]" started-at="2025-03-15T12:13:30 IST" name="testExplicitWait" finished-at="2025-03-15T12:13:42 IST" duration-ms="11969" status="PASS">
          <reporter-output>
          </reporter-output>
        </test-method> <!-- testExplicitWait -->
      </class> <!-- com.WaitStrategyInSelenium.WaitStrategyUsingFluentWaitclass -->
    </test> <!-- Default test -->
  </suite> <!-- Default suite -->
</testng-results>
