<?xml version="1.0" encoding="UTF-8"?>
<!-- Generated by org.testng.reporters.JUnitReportReporter -->
<testsuite hostname="LAPTOP-5KMFOFH9" failures="0" tests="1" name="com.WaitStrategyInSelenium.WaitStrategyUsingFluentWaitclass" time="11.969" errors="0" timestamp="2025-03-15T12:13:42 IST" skipped="0">
  <testcase classname="com.WaitStrategyInSelenium.WaitStrategyUsingFluentWaitclass" name="testExplicitWait" time="11.969"/>
  <system-out/>
</testsuite> <!-- com.WaitStrategyInSelenium.WaitStrategyUsingFluentWaitclass -->
