<?xml version="1.0" encoding="UTF-8"?>
<!-- Generated by org.testng.reporters.JUnitReportReporter -->
<testsuite hostname="LAPTOP-5KMFOFH9" failures="0" tests="1" name="com.TestNG.DataPassing.HrmDatapassingUsingPropertiesfile" time="8.416" errors="0" timestamp="2025-03-29T11:01:33 IST" skipped="0">
  <testcase classname="com.TestNG.DataPassing.HrmDatapassingUsingPropertiesfile" name="testLogin" time="8.416"/>
  <system-out/>
</testsuite> <!-- com.TestNG.DataPassing.HrmDatapassingUsingPropertiesfile -->
