<?xml version="1.0" encoding="UTF-8"?>
<!-- Generated by org.testng.reporters.JUnitReportReporter -->
<testsuite hostname="LAPTOP-5KMFOFH9" failures="0" tests="2" name="com.SwagLab.TestCases.T4_CheckoutTest" time="6.541" errors="0" timestamp="2025-04-06T10:24:52 IST" skipped="0">
  <testcase classname="com.SwagLab.TestCases.T4_CheckoutTest" name="validateCancelProcess" time="4.180"/>
  <system-out/>
  <testcase classname="com.SwagLab.TestCases.T4_CheckoutTest" name="validateCheckOutProcess" time="2.361"/>
  <system-out/>
</testsuite> <!-- com.SwagLab.TestCases.T4_CheckoutTest -->
