<?xml version="1.0" encoding="UTF-8"?>
<!-- Generated by org.testng.reporters.JUnitReportReporter -->
<testsuite hostname="LAPTOP-5KMFOFH9" failures="0" tests="1" name="com.WaitStrategyInSelenium.WaitStartegyUsingWebDriverWaitClass" time="11.182" errors="0" timestamp="2025-03-15T12:08:25 IST" skipped="0">
  <testcase classname="com.WaitStrategyInSelenium.WaitStartegyUsingWebDriverWaitClass" name="testExplicitWait" time="11.182"/>
  <system-out/>
</testsuite> <!-- com.WaitStrategyInSelenium.WaitStartegyUsingWebDriverWaitClass -->
