<?xml version="1.0" encoding="UTF-8"?>
<!-- Generated by org.testng.reporters.JUnitReportReporter -->
<testsuite hostname="LAPTOP-5KMFOFH9" failures="0" tests="3" name="com.TestNG.Annotations.RealTimeAnnotationUseCase" time="3.405" errors="0" timestamp="2025-03-22T10:47:12 IST" skipped="0">
  <testcase classname="com.TestNG.Annotations.RealTimeAnnotationUseCase" name="signInLinkValidation" time="1.836"/>
  <system-out/>
  <testcase classname="com.TestNG.Annotations.RealTimeAnnotationUseCase" name="testLogin" time="1.006"/>
  <system-out/>
  <testcase classname="com.TestNG.Annotations.RealTimeAnnotationUseCase" name="signOutValidation" time="0.563"/>
  <system-out/>
</testsuite> <!-- com.TestNG.Annotations.RealTimeAnnotationUseCase -->
