<?xml version="1.0" encoding="UTF-8"?>
<!-- Generated by org.testng.reporters.JUnitReportReporter -->
<testsuite hostname="LAPTOP-5KMFOFH9" failures="0" tests="4" name="com.TestNG.BasicScenarios.TestDemo4_DisableTestUsingArgument_xmlfile" time="22.257" errors="0" timestamp="2025-03-16T11:27:42 IST" skipped="1">
  <testcase classname="com.TestNG.BasicScenarios.TestDemo4_DisableTestUsingArgument_xmlfile" name="testChrome" time="6.925"/>
  <system-out/>
  <testcase classname="com.TestNG.BasicScenarios.TestDemo4_DisableTestUsingArgument_xmlfile" name="testEdge" time="7.897"/>
  <system-out/>
  <testcase classname="com.TestNG.BasicScenarios.TestDemo4_DisableTestUsingArgument_xmlfile" name="testIncognito" time="7.435"/>
  <system-out/>
  <testcase classname="com.TestNG.BasicScenarios.TestDemo4_DisableTestUsingArgument_xmlfile" name="testfirefox">
    <skipped/>
  </testcase> <!-- testfirefox -->
  <system-out/>
</testsuite> <!-- com.TestNG.BasicScenarios.TestDemo4_DisableTestUsingArgument_xmlfile -->
