<?xml version="1.0" encoding="UTF-8"?>
<!-- Generated by org.testng.reporters.JUnitReportReporter -->
<testsuite hostname="LAPTOP-5KMFOFH9" failures="0" tests="3" name="com.TestNG.PageObjectModelUsingByLocator.LoginPageTest" time="1.938" errors="0" timestamp="2025-03-23T10:27:22 IST" skipped="0">
  <testcase classname="com.TestNG.PageObjectModelUsingByLocator.LoginPageTest" name="validateUrl" time="0.024"/>
  <system-out/>
  <testcase classname="com.TestNG.PageObjectModelUsingByLocator.LoginPageTest" name="validateTitle" time="0.010"/>
  <system-out/>
  <testcase classname="com.TestNG.PageObjectModelUsingByLocator.LoginPageTest" name="validateLogin" time="1.904"/>
  <system-out/>
</testsuite> <!-- com.TestNG.PageObjectModelUsingByLocator.LoginPageTest -->
