<?xml version="1.0" encoding="UTF-8"?>
<!-- Generated by org.testng.reporters.JUnitReportReporter -->
<testsuite hostname="LAPTOP-5KMFOFH9" failures="0" tests="3" name="com.TestNG.Annotations.AnnotationBasics" time="0.009" errors="0" timestamp="2025-03-22T10:23:54 IST" skipped="0">
  <testcase classname="com.TestNG.Annotations.AnnotationBasics" name="signInLinkValidation" time="0.006"/>
  <system-out/>
  <testcase classname="com.TestNG.Annotations.AnnotationBasics" name="signInValidation" time="0.002"/>
  <system-out/>
  <testcase classname="com.TestNG.Annotations.AnnotationBasics" name="signOutValidation" time="0.001"/>
  <system-out/>
</testsuite> <!-- com.TestNG.Annotations.AnnotationBasics -->
