<?xml version="1.0" encoding="UTF-8"?>
<!-- Generated by org.testng.reporters.JUnitReportReporter -->
<testsuite hostname="LAPTOP-5KMFOFH9" failures="0" tests="1" name="com.WaitStrategyInSelenium.ExplicitWaitUsingWebDriverWaitClass" time="5.337" errors="0" timestamp="2025-03-15T12:00:20 IST" skipped="0">
  <testcase classname="com.WaitStrategyInSelenium.ExplicitWaitUsingWebDriverWaitClass" name="testExplicitWait" time="5.337"/>
  <system-out/>
</testsuite> <!-- com.WaitStrategyInSelenium.ExplicitWaitUsingWebDriverWaitClass -->
