<?xml version="1.0" encoding="UTF-8"?>
<!-- Generated by org.testng.reporters.JUnitReportReporter -->
<testsuite hostname="LAPTOP-5KMFOFH9" failures="0" tests="3" name="com.SwagLab.TestCases.T2_InventoryTest" time="0.473" errors="0" timestamp="2025-03-29T11:07:42 IST" skipped="0">
  <testcase classname="com.SwagLab.TestCases.T2_InventoryTest" name="verifyProductCount" time="0.033"/>
  <system-out/>
  <testcase classname="com.SwagLab.TestCases.T2_InventoryTest" name="verifyProductDetails" time="0.150"/>
  <system-out/>
  <testcase classname="com.SwagLab.TestCases.T2_InventoryTest" name="validateAddToCartFeature" time="0.290"/>
  <system-out/>
</testsuite> <!-- com.SwagLab.TestCases.T2_InventoryTest -->
