<?xml version="1.0" encoding="UTF-8"?>
<!-- Generated by org.testng.reporters.JUnitReportReporter -->
<testsuite hostname="LAPTOP-5KMFOFH9" failures="0" tests="3" name="com.TestNG.DataDrivenFrameworkUp.copy.DataDrivenUsingArray" time="0.012" errors="0" timestamp="2025-04-05T10:03:21 IST" skipped="0">
  <testcase classname="com.TestNG.DataDrivenFrameworkUp.copy.DataDrivenUsingArray" name="testLogin" time="0.002"/>
  <system-out/>
  <testcase classname="com.TestNG.DataDrivenFrameworkUp.copy.DataDrivenUsingArray" name="testLogin" time="0.008"/>
  <system-out/>
  <testcase classname="com.TestNG.DataDrivenFrameworkUp.copy.DataDrivenUsingArray" name="testLogin" time="0.002"/>
  <system-out/>
</testsuite> <!-- com.TestNG.DataDrivenFrameworkUp.copy.DataDrivenUsingArray -->
