<?xml version="1.0" encoding="UTF-8"?>
<!-- Generated by org.testng.reporters.JUnitReportReporter -->
<testsuite hostname="LAPTOP-5KMFOFH9" failures="0" tests="3" name="com.TestNG.ParallelTesting.ParalleTestMethodLevelDemo" time="18.978" errors="0" timestamp="2025-03-29T10:13:16 IST" skipped="0">
  <testcase classname="com.TestNG.ParallelTesting.ParalleTestMethodLevelDemo" name="chromeTest" time="3.995"/>
  <system-out/>
  <testcase classname="com.TestNG.ParallelTesting.ParalleTestMethodLevelDemo" name="firefoxTest" time="8.895"/>
  <system-out/>
  <testcase classname="com.TestNG.ParallelTesting.ParalleTestMethodLevelDemo" name="edgeTest" time="6.088"/>
  <system-out/>
</testsuite> <!-- com.TestNG.ParallelTesting.ParalleTestMethodLevelDemo -->
