<?xml version="1.0" encoding="UTF-8"?>
<!-- Generated by org.testng.reporters.JUnitReportReporter -->
<testsuite hostname="LAPTOP-5KMFOFH9" failures="0" tests="3" name="com.SwagLab.TestCases.T2_InventoryTest" time="0.431" errors="0" timestamp="2025-03-23T12:02:31 IST" skipped="0">
  <testcase classname="com.SwagLab.TestCases.T2_InventoryTest" name="verifyProductCount" time="0.026"/>
  <system-out/>
  <testcase classname="com.SwagLab.TestCases.T2_InventoryTest" name="verifyProductDetails" time="0.114"/>
  <system-out/>
  <testcase classname="com.SwagLab.TestCases.T2_InventoryTest" name="validateAddToCartFeature" time="0.291"/>
  <system-out/>
</testsuite> <!-- com.SwagLab.TestCases.T2_InventoryTest -->
