<?xml version="1.0" encoding="UTF-8"?>
<!-- Generated by org.testng.reporters.JUnitReportReporter -->
<testsuite hostname="LAPTOP-5KMFOFH9" failures="0" tests="4" name="com.TestNG.BasicScenarios.TestDemo2_invocationCount" time="0.006" errors="0" timestamp="2025-03-16T11:27:42 IST" skipped="0">
  <testcase classname="com.TestNG.BasicScenarios.TestDemo2_invocationCount" name="testRegister" time="0.001"/>
  <system-out/>
  <testcase classname="com.TestNG.BasicScenarios.TestDemo2_invocationCount" name="testLogin" time="0.003"/>
  <system-out/>
  <testcase classname="com.TestNG.BasicScenarios.TestDemo2_invocationCount" name="testLogin" time="0.001"/>
  <system-out/>
  <testcase classname="com.TestNG.BasicScenarios.TestDemo2_invocationCount" name="testLogin" time="0.001"/>
  <system-out/>
</testsuite> <!-- com.TestNG.BasicScenarios.TestDemo2_invocationCount -->
