<?xml version="1.0" encoding="UTF-8"?>
<!-- Generated by org.testng.reporters.JUnitReportReporter -->
<testsuite hostname="LAPTOP-5KMFOFH9" failures="0" tests="2" name="com.TestNG.PageObjectModelUsingPageFactory.HrmLoginPageTest" time="2.176" errors="0" timestamp="2025-03-23T10:47:31 IST" skipped="0">
  <testcase classname="com.TestNG.PageObjectModelUsingPageFactory.HrmLoginPageTest" name="validateUrl" time="0.021"/>
  <system-out/>
  <testcase classname="com.TestNG.PageObjectModelUsingPageFactory.HrmLoginPageTest" name="validateLogin" time="2.155"/>
  <system-out/>
</testsuite> <!-- com.TestNG.PageObjectModelUsingPageFactory.HrmLoginPageTest -->
