<?xml version="1.0" encoding="UTF-8"?>
<!-- Generated by org.testng.reporters.JUnitReportReporter -->
<testsuite hostname="LAPTOP-5KMFOFH9" failures="0" tests="1" name="com.JavaScriptExecutorDemo.JavascriptExecutorScenarios" time="13.403" errors="0" timestamp="2025-03-09T10:36:16 IST" skipped="0">
  <testcase classname="com.JavaScriptExecutorDemo.JavascriptExecutorScenarios" name="testJs" time="13.403"/>
  <system-out/>
</testsuite> <!-- com.JavaScriptExecutorDemo.JavascriptExecutorScenarios -->
