<?xml version="1.0" encoding="UTF-8"?>
<!-- Generated by org.testng.reporters.JUnitReportReporter -->
<testsuite hostname="LAPTOP-5KMFOFH9" failures="0" tests="1" name="com.TestNG.BasicScenarios.TestDemo3_timeOuts" time="5.025" errors="1" timestamp="2025-03-16T11:31:05 IST" skipped="0">
  <testcase classname="com.TestNG.BasicScenarios.TestDemo3_timeOuts" name="testCase2" time="5.025">
    <error message="Method com.TestNG.BasicScenarios.TestDemo3_timeOuts.testCase2() didn&#039;t finish within the time-out 5000" type="org.testng.internal.thread.ThreadTimeoutException">
      <![CDATA[org.testng.internal.thread.ThreadTimeoutException: Method com.TestNG.BasicScenarios.TestDemo3_timeOuts.testCase2() didn't finish within the time-out 5000
at java.base@17.0.2/java.lang.Thread.sleep(Native Method)
at app//com.TestNG.BasicScenarios.TestDemo3_timeOuts.testCase2(TestDemo3_timeOuts.java:21)
at java.base@17.0.2/jdk.internal.reflect.NativeMethodAccessorImpl.invoke0(Native Method)
at java.base@17.0.2/jdk.internal.reflect.NativeMethodAccessorImpl.invoke(NativeMethodAccessorImpl.java:77)
at java.base@17.0.2/jdk.internal.reflect.DelegatingMethodAccessorImpl.invoke(DelegatingMethodAccessorImpl.java:43)
at java.base@17.0.2/java.lang.reflect.Method.invoke(Method.java:568)
at app//org.testng.internal.invokers.MethodInvocationHelper.invokeMethod(MethodInvocationHelper.java:139)
at app//org.testng.internal.invokers.InvokeMethodRunnable.runOne(InvokeMethodRunnable.java:47)
at app//org.testng.internal.invokers.InvokeMethodRunnable.call(InvokeMethodRunnable.java:76)
at app//org.testng.internal.invokers.InvokeMethodRunnable.call(InvokeMethodRunnable.java:11)
at java.base@17.0.2/java.util.concurrent.FutureTask.run(FutureTask.java:264)
at java.base@17.0.2/java.util.concurrent.ThreadPoolExecutor.runWorker(ThreadPoolExecutor.java:1136)
at java.base@17.0.2/java.util.concurrent.ThreadPoolExecutor$Worker.run(ThreadPoolExecutor.java:635)
at java.base@17.0.2/java.lang.Thread.run(Thread.java:833)
]]>
    </error>
  </testcase> <!-- testCase2 -->
  <system-out/>
</testsuite> <!-- com.TestNG.BasicScenarios.TestDemo3_timeOuts -->
