<?xml version="1.0" encoding="UTF-8"?>
<!-- Generated by org.testng.reporters.JUnitReportReporter -->
<testsuite hostname="LAPTOP-5KMFOFH9" failures="0" tests="2" name="com.SwagLab.TestCases.T1_LoginTest" time="0.598" errors="0" timestamp="2025-04-05T11:48:20 IST" skipped="0">
  <testcase classname="com.SwagLab.TestCases.T1_LoginTest" name="validateUrl" time="0.030"/>
  <system-out/>
  <testcase classname="com.SwagLab.TestCases.T1_LoginTest" name="validateLogin" time="0.568"/>
  <system-out/>
</testsuite> <!-- com.SwagLab.TestCases.T1_LoginTest -->
