<?xml version="1.0" encoding="UTF-8"?>
<!-- Generated by org.testng.reporters.JUnitReportReporter -->
<testsuite hostname="LAPTOP-5KMFOFH9" failures="0" tests="1" name="com.JavaScriptExecutorDemo.HiddenElementAutomation" time="10.450" errors="0" timestamp="2025-03-16T10:37:42 IST" skipped="0">
  <testcase classname="com.JavaScriptExecutorDemo.HiddenElementAutomation" name="testHiddenElement" time="10.450"/>
  <system-out/>
</testsuite> <!-- com.JavaScriptExecutorDemo.HiddenElementAutomation -->
