<?xml version="1.0" encoding="UTF-8"?>
<!-- Generated by org.testng.reporters.JUnitReportReporter -->
<testsuite hostname="LAPTOP-5KMFOFH9" failures="0" tests="1" name="com.TestNG.DataDrivenFrameworkUp.copy.ExcelFileREadingForDataDrivenTest" time="0.973" errors="0" timestamp="2025-04-05T10:33:34 IST" skipped="0">
  <testcase classname="com.TestNG.DataDrivenFrameworkUp.copy.ExcelFileREadingForDataDrivenTest" name="excelData" time="0.973"/>
  <system-out/>
</testsuite> <!-- com.TestNG.DataDrivenFrameworkUp.copy.ExcelFileREadingForDataDrivenTest -->
