<?xml version="1.0" encoding="UTF-8"?>
<!-- Generated by org.testng.reporters.JUnitReportReporter -->
<testsuite hostname="LAPTOP-5KMFOFH9" failures="0" tests="3" name="com.TestNG.DataPassing.UseCaseforParametersUsingxml" time="43.108" errors="0" timestamp="2025-03-29T10:25:51 IST" skipped="0">
  <testcase classname="com.TestNG.DataPassing.UseCaseforParametersUsingxml" name="f" time="11.097"/>
  <system-out/>
  <testcase classname="com.TestNG.DataPassing.UseCaseforParametersUsingxml" name="f" time="18.278"/>
  <system-out/>
  <testcase classname="com.TestNG.DataPassing.UseCaseforParametersUsingxml" name="f" time="13.733"/>
  <system-out/>
</testsuite> <!-- com.TestNG.DataPassing.UseCaseforParametersUsingxml -->
