<?xml version="1.0" encoding="UTF-8"?>
<!-- Generated by org.testng.reporters.JUnitReportReporter -->
<testsuite hostname="LAPTOP-5KMFOFH9" failures="0" tests="1" name="com.TestNG.DataPassing.DataPassingUsingPropertiesfile" time="0.014" errors="0" timestamp="2025-03-29T10:47:54 IST" skipped="0">
  <testcase classname="com.TestNG.DataPassing.DataPassingUsingPropertiesfile" name="fileReading" time="0.014"/>
  <system-out/>
</testsuite> <!-- com.TestNG.DataPassing.DataPassingUsingPropertiesfile -->
