<?xml version="1.0" encoding="UTF-8"?>
<!-- Generated by org.testng.reporters.JUnitReportReporter -->
<testsuite hostname="LAPTOP-5KMFOFH9" failures="0" tests="1" name="com.TestNG.DataPassingUp.copy.HrmDataPassingUsingXmlFile" time="10.836" errors="0" timestamp="2025-04-05T11:05:49 IST" skipped="0">
  <testcase classname="com.TestNG.DataPassingUp.copy.HrmDataPassingUsingXmlFile" name="testLogin" time="10.836"/>
  <system-out/>
</testsuite> <!-- com.TestNG.DataPassingUp.copy.HrmDataPassingUsingXmlFile -->
