<?xml version="1.0" encoding="UTF-8"?>
<!-- Generated by org.testng.reporters.JUnitReportReporter -->
<testsuite hostname="LAPTOP-5KMFOFH9" failures="0" tests="6" name="com.TestNG.Annotations.ClassB" time="0.008" errors="0" timestamp="2025-03-22T11:02:23 IST" skipped="0">
  <testcase classname="com.TestNG.Annotations.ClassB" name="testCaseB1" time="0.002"/>
  <system-out/>
  <testcase classname="com.TestNG.Annotations.ClassB" name="testCaseB2" time="0.002"/>
  <system-out/>
  <testcase classname="com.TestNG.Annotations.ClassB" name="testCaseB1" time="0.001"/>
  <system-out/>
  <testcase classname="com.TestNG.Annotations.ClassB" name="testCaseB2" time="0.001"/>
  <system-out/>
  <testcase classname="com.TestNG.Annotations.ClassB" name="testCaseB2" time="0.001"/>
  <system-out/>
  <testcase classname="com.TestNG.Annotations.ClassB" name="testCaseB1" time="0.001"/>
  <system-out/>
</testsuite> <!-- com.TestNG.Annotations.ClassB -->
