<?xml version="1.0" encoding="UTF-8"?>
<!-- Generated by org.testng.reporters.JUnitReportReporter -->
<testsuite hostname="LAPTOP-5KMFOFH9" failures="0" tests="5" name="com.SwagLab.TestCases.T5_OverviewTest" time="0.320" errors="0" timestamp="2025-04-06T10:24:52 IST" skipped="0">
  <testcase classname="com.SwagLab.TestCases.T5_OverviewTest" name="verifyProductDetails" time="0.027"/>
  <system-out/>
  <testcase classname="com.SwagLab.TestCases.T5_OverviewTest" name="verifyPaymentDetails" time="0.045"/>
  <system-out/>
  <testcase classname="com.SwagLab.TestCases.T5_OverviewTest" name="verifyShippingDetails" time="0.041"/>
  <system-out/>
  <testcase classname="com.SwagLab.TestCases.T5_OverviewTest" name="verifyTotal" time="0.070"/>
  <system-out/>
  <testcase classname="com.SwagLab.TestCases.T5_OverviewTest" name="validateCompleteCheckoutProcess" time="0.137"/>
  <system-out/>
</testsuite> <!-- com.SwagLab.TestCases.T5_OverviewTest -->
