<?xml version="1.0" encoding="UTF-8"?>
<!-- Generated by org.testng.reporters.JUnitReportReporter -->
<testsuite hostname="Priyanka" failures="0" tests="2" name="com.SwagLab.TestCases.T4_CheckoutTest" time="6.447" errors="0" timestamp="2025-04-20T12:36:42 IST" skipped="0">
  <testcase classname="com.SwagLab.TestCases.T4_CheckoutTest" name="validateCancelProcess" time="4.151"/>
  <system-out/>
  <testcase classname="com.SwagLab.TestCases.T4_CheckoutTest" name="validateCheckOutProcess" time="2.296"/>
  <system-out/>
</testsuite> <!-- com.SwagLab.TestCases.T4_CheckoutTest -->
