<?xml version="1.0" encoding="UTF-8"?>
<!-- Generated by org.testng.reporters.JUnitReportReporter -->
<testsuite hostname="Priyanka" failures="0" tests="4" name="com.SwagLab.TestCases.T3_CartTest" time="8.486" errors="0" timestamp="2025-04-20T12:36:42 IST" skipped="0">
  <testcase classname="com.SwagLab.TestCases.T3_CartTest" name="verifyCartQuantity" time="0.023"/>
  <system-out/>
  <testcase classname="com.SwagLab.TestCases.T3_CartTest" name="verifyProductRemove" time="2.074"/>
  <system-out/>
  <testcase classname="com.SwagLab.TestCases.T3_CartTest" name="validateContinueShopping" time="4.299"/>
  <system-out/>
  <testcase classname="com.SwagLab.TestCases.T3_CartTest" name="verifyLauchOfCheckOutPage" time="2.090"/>
  <system-out/>
</testsuite> <!-- com.SwagLab.TestCases.T3_CartTest -->
