<?xml version="1.0" encoding="UTF-8"?>
<!-- Generated by org.testng.reporters.JUnitReportReporter -->
<testsuite hostname="Priyanka" failures="0" tests="4" name="com.SwagLab.TestCases.T3_CartTest" time="8.689" errors="0" timestamp="2025-04-19T10:30:51 IST" skipped="0">
  <testcase classname="com.SwagLab.TestCases.T3_CartTest" name="verifyCartQuantity" time="0.034"/>
  <system-out/>
  <testcase classname="com.SwagLab.TestCases.T3_CartTest" name="verifyProductRemove" time="2.079"/>
  <system-out/>
  <testcase classname="com.SwagLab.TestCases.T3_CartTest" name="validateContinueShopping" time="4.456"/>
  <system-out/>
  <testcase classname="com.SwagLab.TestCases.T3_CartTest" name="verifyLauchOfCheckOutPage" time="2.120"/>
  <system-out/>
</testsuite> <!-- com.SwagLab.TestCases.T3_CartTest -->
