<?xml version="1.0" encoding="UTF-8"?>
<!-- Generated by org.testng.reporters.JUnitReportReporter -->
<testsuite hostname="LAPTOP-5KMFOFH9" failures="0" tests="2" name="com.SwagLab.TestCases.T1_LoginTest" time="0.435" errors="0" timestamp="2025-04-06T10:52:55 IST" skipped="0">
  <testcase classname="com.SwagLab.TestCases.T1_LoginTest" name="validateUrl" time="0.021"/>
  <system-out/>
  <testcase classname="com.SwagLab.TestCases.T1_LoginTest" name="validateLogin" time="0.414"/>
  <system-out/>
</testsuite> <!-- com.SwagLab.TestCases.T1_LoginTest -->
