<?xml version="1.0" encoding="UTF-8"?>
<!-- Generated by org.testng.reporters.JUnitReportReporter -->
<testsuite hostname="Priyanka" failures="0" tests="5" name="com.SwagLab.TestCases.T5_OverviewTest" time="0.227" errors="0" timestamp="2025-04-20T12:36:42 IST" skipped="0">
  <testcase classname="com.SwagLab.TestCases.T5_OverviewTest" name="verifyProductDetails" time="0.020"/>
  <system-out/>
  <testcase classname="com.SwagLab.TestCases.T5_OverviewTest" name="verifyPaymentDetails" time="0.044"/>
  <system-out/>
  <testcase classname="com.SwagLab.TestCases.T5_OverviewTest" name="verifyShippingDetails" time="0.041"/>
  <system-out/>
  <testcase classname="com.SwagLab.TestCases.T5_OverviewTest" name="verifyTotal" time="0.031"/>
  <system-out/>
  <testcase classname="com.SwagLab.TestCases.T5_OverviewTest" name="validateCompleteCheckoutProcess" time="0.091"/>
  <system-out/>
</testsuite> <!-- com.SwagLab.TestCases.T5_OverviewTest -->
