<?xml version="1.0" encoding="UTF-8"?>
<!-- Generated by org.testng.reporters.JUnitReportReporter -->
<testsuite hostname="Priyanka" failures="0" tests="2" name="com.SwagLab.TestCases.T1_LoginTest" time="0.480" errors="0" timestamp="2025-04-19T10:30:51 IST" skipped="0">
  <testcase classname="com.SwagLab.TestCases.T1_LoginTest" name="validateUrl" time="0.018"/>
  <system-out/>
  <testcase classname="com.SwagLab.TestCases.T1_LoginTest" name="validateLogin" time="0.462"/>
  <system-out/>
</testsuite> <!-- com.SwagLab.TestCases.T1_LoginTest -->
