<?xml version="1.0" encoding="UTF-8"?>
<!-- Generated by org.testng.reporters.JUnitReportReporter -->
<testsuite hostname="Priyanka" failures="0" tests="3" name="com.SwagLab.TestCases.T2_InventoryTest" time="0.601" errors="0" timestamp="2025-04-20T12:36:42 IST" skipped="0">
  <testcase classname="com.SwagLab.TestCases.T2_InventoryTest" name="verifyProductCount" time="0.034"/>
  <system-out/>
  <testcase classname="com.SwagLab.TestCases.T2_InventoryTest" name="verifyProductDetails" time="0.152"/>
  <system-out/>
  <testcase classname="com.SwagLab.TestCases.T2_InventoryTest" name="validateAddToCartFeature" time="0.415"/>
  <system-out/>
</testsuite> <!-- com.SwagLab.TestCases.T2_InventoryTest -->
